<?xml version="1.0" encoding="UTF-8"?>
<!-- Generated by org.testng.reporters.JUnitReportReporter -->
<testsuite hostname="DESKTOP-A28BAJQ" name="myntra.Runner.RunnerClass" tests="1" failures="0" timestamp="8 Jan 2020 19:16:04 GMT" time="0.524" errors="0">
  <testcase name="feature" time="0.524" classname="myntra.Runner.RunnerClass"/>
</testsuite> <!-- myntra.Runner.RunnerClass -->
